Array
(
    [draw] => 3
    [columns] => Array
        (
            [0] => Array
                (
                    [data] => id
                    [name] => 
                    [searchable] => true
                    [orderable] => true
                    [search] => Array
                        (
                            [value] => 
                            [regex] => false
                        )

                )

            [1] => Array
                (
                    [data] => name
                    [name] => 
                    [searchable] => true
                    [orderable] => true
                    [search] => Array
                        (
                            [value] => 
                            [regex] => false
                        )

                )

            [2] => Array
                (
                    [data] => email
                    [name] => 
                    [searchable] => true
                    [orderable] => true
                    [search] => Array
                        (
                            [value] => 
                            [regex] => false
                        )

                )

            [3] => Array
                (
                    [data] => country
                    [name] => 
                    [searchable] => true
                    [orderable] => true
                    [search] => Array
                        (
                            [value] => 
                            [regex] => false
                        )

                )

        )

    [order] => Array
        (
            [0] => Array
                (
                    [column] => 0
                    [dir] => asc
                )

        )

    [start] => 0
    [length] => 10
    [search] => Array
        (
            [value] => 
            [regex] => false
        )

    [searchBuilder] => Array
        (
            [criteria] => Array
                (
                    [0] => Array
                        (
                            [condition] => !null
                            [data] => Email
                            [origData] => email
                            [type] => html
                        )

                )

            [logic] => AND
        )

)
[07-Feb-2025 15:43:41 Europe/Berlin] PHP Warning:  Undefined array key "value" in /Applications/XAMPP/xamppfiles/htdocs/searchbuilder/fetch_data.php on line 79
[07-Feb-2025 15:43:41 Europe/Berlin] PHP Warning:  Trying to access array offset on value of type null in /Applications/XAMPP/xamppfiles/htdocs/searchbuilder/fetch_data.php on line 79
