{
    "draw": 8,
    "recordsTotal": 196,
    "recordsFiltered": 10,
    "data": [
        {
            "id": "036dc8a9-cda8-11ef-96a0-2cf05d502fc1",
            "number": "HASU1403434",
            "weight": 28000,
            "content": "",
            "bol_id": "f8a168e8-cda7-11ef-96a0-2cf05d502fc1"
        },
        {
            "id": "3117f5de-cd06-11ef-96a0-2cf05d502fc1",
            "number": "HASU4688351",
            "weight": 14914.399999999999636202119290828704833984375,
            "content": "",
            "bol_id": "e1950876-cd05-11ef-96a0-2cf05d502fc1"
        },
        {
            "id": "7427fcfd-cd05-11ef-96a0-2cf05d502fc1",
            "number": "HASU1081092",
            "weight": 27843.75,
            "content": "",
            "bol_id": "898fe37b-cd00-11ef-96a0-2cf05d502fc1"
        },
        {
            "id": "88be9cad-cd12-11ef-96a0-2cf05d502fc1",
            "number": "HLBU8071448",
            "weight": 8950,
            "content": "",
            "bol_id": "651f428d-cd12-11ef-96a0-2cf05d502fc1"
        },
        {
            "id": "8ff36521-cd09-11ef-96a0-2cf05d502fc1",
            "number": "HLBU9680710",
            "weight": 26100,
            "content": "",
            "bol_id": "7c0c9b29-cd09-11ef-96a0-2cf05d502fc1"
        },
        {
            "id": "9b91fa03-cd0a-11ef-96a0-2cf05d502fc1",
            "number": "HLBU3647823",
            "weight": 27200,
            "content": "",
            "bol_id": "330b6888-cd0a-11ef-96a0-2cf05d502fc1"
        },
        {
            "id": "a7bd2e17-cd13-11ef-96a0-2cf05d502fc1",
            "number": "HLBU3042241",
            "weight": 27000,
            "content": "",
            "bol_id": "62a5cda2-cd13-11ef-96a0-2cf05d502fc1"
        },
        {
            "id": "ae889f3d-cd07-11ef-96a0-2cf05d502fc1",
            "number": "HASU5002300",
            "weight": 25435.75999999999839928932487964630126953125,
            "content": "",
            "bol_id": "534d20d7-cd07-11ef-96a0-2cf05d502fc1"
        },
        {
            "id": "d60107b9-cdc1-11ef-96a0-2cf05d502fc1",
            "number": "HASU1365041",
            "weight": 26975,
            "content": "",
            "bol_id": "c432bd3f-cdc1-11ef-96a0-2cf05d502fc1"
        },
        {
            "id": "d8dd9e7b-cd04-11ef-96a0-2cf05d502fc1",
            "number": "HASU1113097",
            "weight": 27843.75,
            "content": "",
            "bol_id": "898fe37b-cd00-11ef-96a0-2cf05d502fc1"
        }
    ]
}